Bisc_ai/build/app/intermediates/manifest_merge_blame_file/debug/manifest-merger-blame-debug-report.txt
1<?xml version="1.0" encoding="utf-8"?>
2<manifest xmlns:android="http://schemas.android.com/apk/res/android"
3    package="com.example.biscuitt_ai"
4    android:versionCode="1"
5    android:versionName="1.0.0" >
6
7    <uses-sdk
8        android:minSdkVersion="21"
9        android:targetSdkVersion="33" />
10    <!--
11         The INTERNET permission is required for development. Specifically,
12         the Flutter tool needs it to communicate with the running application
13         to allow setting breakpoints, to provide hot reload, etc.
14    -->
15    <uses-permission android:name="android.permission.INTERNET" />
15-->src/main/AndroidManifest.xml:4:5-67
15-->src/main/AndroidManifest.xml:4:22-64
16    <uses-permission android:name="android.permission.RECORD_AUDIO" />
16-->src/main/AndroidManifest.xml:3:5-71
16-->src/main/AndroidManifest.xml:3:22-68
17    <uses-permission android:name="android.permission.WRITE_EXTERNAL_STORAGE" />
17-->src/main/AndroidManifest.xml:5:5-80
17-->src/main/AndroidManifest.xml:5:22-78
18    <uses-permission
18-->src/main/AndroidManifest.xml:6:5-79
19        android:name="android.permission.READ_EXTERNAL_STORAGE"
19-->src/main/AndroidManifest.xml:6:22-77
20        android:maxSdkVersion="32" />
20-->[:file_picker] AndroidManifest.xml:11:9-35
21
22    <queries>
22-->[:file_picker] AndroidManifest.xml:13:5-19:15
23        <intent>
23-->[:file_picker] AndroidManifest.xml:14:9-18:18
24            <action android:name="android.intent.action.GET_CONTENT" />
24-->[:file_picker] AndroidManifest.xml:15:13-72
24-->[:file_picker] AndroidManifest.xml:15:21-69
25
26            <data android:mimeType="*/*" />
26-->[:file_picker] AndroidManifest.xml:17:13-44
26-->[:file_picker] AndroidManifest.xml:17:19-41
27        </intent>
28        <!-- For browser content -->
29        <intent>
29-->[com.google.android.gms:play-services-ads-lite:22.0.0] AndroidManifest.xml:35:9-41:18
30            <action android:name="android.intent.action.VIEW" />
30-->[com.google.firebase:firebase-auth:22.3.0] AndroidManifest.xml:36:17-69
30-->[com.google.firebase:firebase-auth:22.3.0] AndroidManifest.xml:36:25-66
31
32            <category android:name="android.intent.category.BROWSABLE" />
32-->[com.google.firebase:firebase-auth:22.3.0] AndroidManifest.xml:39:17-78
32-->[com.google.firebase:firebase-auth:22.3.0] AndroidManifest.xml:39:27-75
33
34            <data android:scheme="https" />
34-->[:file_picker] AndroidManifest.xml:17:13-44
35        </intent> <!-- End of browser content -->
36        <!-- For CustomTabsService -->
37        <intent>
37-->[com.google.android.gms:play-services-ads-lite:22.0.0] AndroidManifest.xml:44:9-46:18
38            <action android:name="android.support.customtabs.action.CustomTabsService" />
38-->[com.google.android.gms:play-services-ads-lite:22.0.0] AndroidManifest.xml:45:13-90
38-->[com.google.android.gms:play-services-ads-lite:22.0.0] AndroidManifest.xml:45:21-87
39        </intent>
40    </queries> <!-- Although the *SdkVersion is captured in gradle build files, this is required for non gradle builds -->
41    <!-- <uses-sdk android:minSdkVersion="14" /> -->
42    <uses-permission android:name="android.permission.ACCESS_NETWORK_STATE" />
42-->[com.google.firebase:firebase-firestore:24.9.1] AndroidManifest.xml:10:5-79
42-->[com.google.firebase:firebase-firestore:24.9.1] AndroidManifest.xml:10:22-76
43    <uses-permission android:name="com.google.android.gms.permission.AD_ID" />
43-->[com.google.android.gms:play-services-ads-lite:22.0.0] AndroidManifest.xml:26:5-79
43-->[com.google.android.gms:play-services-ads-lite:22.0.0] AndroidManifest.xml:26:22-76
44    <uses-permission android:name="android.permission.WAKE_LOCK" />
44-->[com.google.android.gms:play-services-measurement-sdk-api:20.1.2] AndroidManifest.xml:25:5-68
44-->[com.google.android.gms:play-services-measurement-sdk-api:20.1.2] AndroidManifest.xml:25:22-65
45    <uses-permission android:name="android.permission.FOREGROUND_SERVICE" />
45-->[androidx.work:work-runtime:2.7.0] AndroidManifest.xml:28:5-77
45-->[androidx.work:work-runtime:2.7.0] AndroidManifest.xml:28:22-74
46
47    <permission
47-->[androidx.core:core:1.9.0] AndroidManifest.xml:22:5-24:47
48        android:name="com.example.biscuitt_ai.DYNAMIC_RECEIVER_NOT_EXPORTED_PERMISSION"
48-->[androidx.core:core:1.9.0] AndroidManifest.xml:23:9-81
49        android:protectionLevel="signature" />
49-->[androidx.core:core:1.9.0] AndroidManifest.xml:24:9-44
50
51    <uses-permission android:name="com.example.biscuitt_ai.DYNAMIC_RECEIVER_NOT_EXPORTED_PERMISSION" />
51-->[androidx.core:core:1.9.0] AndroidManifest.xml:26:5-97
51-->[androidx.core:core:1.9.0] AndroidManifest.xml:26:22-94
52
53    <application
54        android:name="android.app.Application"
55        android:appComponentFactory="androidx.core.app.CoreComponentFactory"
55-->[androidx.core:core:1.9.0] AndroidManifest.xml:28:18-86
56        android:debuggable="true"
57        android:icon="@mipmap/ic_launcher"
58        android:label="biscuitt_ai" >
59        <activity
60            android:name="com.example.biscuitt_ai.MainActivity"
61            android:configChanges="orientation|keyboardHidden|keyboard|screenSize|smallestScreenSize|locale|layoutDirection|fontScale|screenLayout|density|uiMode"
62            android:exported="true"
63            android:hardwareAccelerated="true"
64            android:launchMode="singleTop"
65            android:theme="@style/LaunchTheme"
66            android:windowSoftInputMode="adjustResize" >
67
68            <!--
69                 Specifies an Android theme to apply to this Activity as soon as
70                 the Android process has started. This theme is visible to the user
71                 while the Flutter UI initializes. After that, this theme continues
72                 to determine the Window background behind the Flutter UI.
73            -->
74            <meta-data
75                android:name="io.flutter.embedding.android.NormalTheme"
76                android:resource="@style/NormalTheme" />
77
78            <intent-filter>
79                <action android:name="android.intent.action.MAIN" />
80
81                <category android:name="android.intent.category.LAUNCHER" />
82            </intent-filter>
83        </activity>
84        <!--
85             Don't delete the meta-data below.
86             This is used by the Flutter tool to generate GeneratedPluginRegistrant.java
87        -->
88        <meta-data
89            android:name="flutterEmbedding"
90            android:value="2" />
91        <meta-data
92            android:name="com.google.android.gms.ads.APPLICATION_ID"
93            android:value="ca-app-pub-5626955934501067~7751434299" />
94
95        <service
95-->[:firebase_auth] AndroidManifest.xml:10:9-14:19
96            android:name="com.google.firebase.components.ComponentDiscoveryService"
96-->[:firebase_auth] AndroidManifest.xml:10:18-89
97            android:directBootAware="true"
97-->[com.google.firebase:firebase-common:20.4.2] AndroidManifest.xml:32:13-43
98            android:exported="false" >
98-->[com.google.firebase:firebase-firestore:24.9.1] AndroidManifest.xml:16:13-37
99            <meta-data
99-->[:firebase_auth] AndroidManifest.xml:11:13-13:85
100                android:name="com.google.firebase.components:io.flutter.plugins.firebase.auth.FlutterFirebaseAuthRegistrar"
100-->[:firebase_auth] AndroidManifest.xml:12:17-124
101                android:value="com.google.firebase.components.ComponentRegistrar" />
101-->[:firebase_auth] AndroidManifest.xml:13:17-82
102            <meta-data
102-->[:firebase_storage] AndroidManifest.xml:11:13-13:85
103                android:name="com.google.firebase.components:io.flutter.plugins.firebase.storage.FlutterFirebaseAppRegistrar"
103-->[:firebase_storage] AndroidManifest.xml:12:17-126
104                android:value="com.google.firebase.components.ComponentRegistrar" />
104-->[:firebase_storage] AndroidManifest.xml:13:17-82
105            <meta-data
105-->[:cloud_firestore] AndroidManifest.xml:11:13-13:85
106                android:name="com.google.firebase.components:io.flutter.plugins.firebase.firestore.FlutterFirebaseFirestoreRegistrar"
106-->[:cloud_firestore] AndroidManifest.xml:12:17-134
107                android:value="com.google.firebase.components.ComponentRegistrar" />
107-->[:cloud_firestore] AndroidManifest.xml:13:17-82
108            <meta-data
108-->[:firebase_core] AndroidManifest.xml:11:13-13:85
109                android:name="com.google.firebase.components:io.flutter.plugins.firebase.core.FlutterFirebaseCoreRegistrar"
109-->[:firebase_core] AndroidManifest.xml:12:17-124
110                android:value="com.google.firebase.components.ComponentRegistrar" />
110-->[:firebase_core] AndroidManifest.xml:13:17-82
111            <meta-data
111-->[com.google.firebase:firebase-firestore:24.9.1] AndroidManifest.xml:17:13-19:85
112                android:name="com.google.firebase.components:com.google.firebase.firestore.FirebaseFirestoreKtxRegistrar"
112-->[com.google.firebase:firebase-firestore:24.9.1] AndroidManifest.xml:18:17-122
113                android:value="com.google.firebase.components.ComponentRegistrar" />
113-->[com.google.firebase:firebase-firestore:24.9.1] AndroidManifest.xml:19:17-82
114            <meta-data
114-->[com.google.firebase:firebase-firestore:24.9.1] AndroidManifest.xml:20:13-22:85
115                android:name="com.google.firebase.components:com.google.firebase.firestore.FirestoreRegistrar"
115-->[com.google.firebase:firebase-firestore:24.9.1] AndroidManifest.xml:21:17-111
116                android:value="com.google.firebase.components.ComponentRegistrar" />
116-->[com.google.firebase:firebase-firestore:24.9.1] AndroidManifest.xml:22:17-82
117            <meta-data
117-->[com.google.firebase:firebase-storage:20.3.0] AndroidManifest.xml:30:13-32:85
118                android:name="com.google.firebase.components:com.google.firebase.storage.FirebaseStorageKtxRegistrar"
118-->[com.google.firebase:firebase-storage:20.3.0] AndroidManifest.xml:31:17-118
119                android:value="com.google.firebase.components.ComponentRegistrar" />
119-->[com.google.firebase:firebase-storage:20.3.0] AndroidManifest.xml:32:17-82
120            <meta-data
120-->[com.google.firebase:firebase-storage:20.3.0] AndroidManifest.xml:33:13-35:85
121                android:name="com.google.firebase.components:com.google.firebase.storage.StorageRegistrar"
121-->[com.google.firebase:firebase-storage:20.3.0] AndroidManifest.xml:34:17-107
122                android:value="com.google.firebase.components.ComponentRegistrar" />
122-->[com.google.firebase:firebase-storage:20.3.0] AndroidManifest.xml:35:17-82
123            <meta-data
123-->[com.google.firebase:firebase-auth:22.3.0] AndroidManifest.xml:69:13-71:85
124                android:name="com.google.firebase.components:com.google.firebase.auth.FirebaseAuthRegistrar"
124-->[com.google.firebase:firebase-auth:22.3.0] AndroidManifest.xml:70:17-109
125                android:value="com.google.firebase.components.ComponentRegistrar" />
125-->[com.google.firebase:firebase-auth:22.3.0] AndroidManifest.xml:71:17-82
126            <meta-data
126-->[com.google.firebase:firebase-appcheck:17.1.1] AndroidManifest.xml:25:13-27:85
127                android:name="com.google.firebase.components:com.google.firebase.appcheck.FirebaseAppCheckKtxRegistrar"
127-->[com.google.firebase:firebase-appcheck:17.1.1] AndroidManifest.xml:26:17-120
128                android:value="com.google.firebase.components.ComponentRegistrar" />
128-->[com.google.firebase:firebase-appcheck:17.1.1] AndroidManifest.xml:27:17-82
129            <meta-data
129-->[com.google.firebase:firebase-appcheck:17.1.1] AndroidManifest.xml:28:13-30:85
130                android:name="com.google.firebase.components:com.google.firebase.appcheck.FirebaseAppCheckRegistrar"
130-->[com.google.firebase:firebase-appcheck:17.1.1] AndroidManifest.xml:29:17-117
131                android:value="com.google.firebase.components.ComponentRegistrar" />
131-->[com.google.firebase:firebase-appcheck:17.1.1] AndroidManifest.xml:30:17-82
132            <meta-data
132-->[com.google.firebase:firebase-common-ktx:20.4.2] AndroidManifest.xml:12:13-14:85
133                android:name="com.google.firebase.components:com.google.firebase.ktx.FirebaseCommonLegacyRegistrar"
133-->[com.google.firebase:firebase-common-ktx:20.4.2] AndroidManifest.xml:13:17-116
134                android:value="com.google.firebase.components.ComponentRegistrar" />
134-->[com.google.firebase:firebase-common-ktx:20.4.2] AndroidManifest.xml:14:17-82
135            <meta-data
135-->[com.google.firebase:firebase-common:20.4.2] AndroidManifest.xml:35:13-37:85
136                android:name="com.google.firebase.components:com.google.firebase.FirebaseCommonKtxRegistrar"
136-->[com.google.firebase:firebase-common:20.4.2] AndroidManifest.xml:36:17-109
137                android:value="com.google.firebase.components.ComponentRegistrar" />
137-->[com.google.firebase:firebase-common:20.4.2] AndroidManifest.xml:37:17-82
138        </service>
139
140        <meta-data
140-->[:google_mobile_ads] AndroidManifest.xml:12:9-14:36
141            android:name="io.flutter.embedded_views_preview"
141-->[:google_mobile_ads] AndroidManifest.xml:13:13-61
142            android:value="true" />
142-->[:google_mobile_ads] AndroidManifest.xml:14:13-33
143
144        <activity
144-->[com.google.firebase:firebase-auth:22.3.0] AndroidManifest.xml:29:9-46:20
145            android:name="com.google.firebase.auth.internal.GenericIdpActivity"
145-->[com.google.firebase:firebase-auth:22.3.0] AndroidManifest.xml:30:13-80
146            android:excludeFromRecents="true"
146-->[com.google.firebase:firebase-auth:22.3.0] AndroidManifest.xml:31:13-46
147            android:exported="true"
147-->[com.google.firebase:firebase-auth:22.3.0] AndroidManifest.xml:32:13-36
148            android:launchMode="singleTask"
148-->[com.google.firebase:firebase-auth:22.3.0] AndroidManifest.xml:33:13-44
149            android:theme="@android:style/Theme.Translucent.NoTitleBar" >
149-->[com.google.firebase:firebase-auth:22.3.0] AndroidManifest.xml:34:13-72
150            <intent-filter>
150-->[com.google.firebase:firebase-auth:22.3.0] AndroidManifest.xml:35:13-45:29
151                <action android:name="android.intent.action.VIEW" />
151-->[com.google.firebase:firebase-auth:22.3.0] AndroidManifest.xml:36:17-69
151-->[com.google.firebase:firebase-auth:22.3.0] AndroidManifest.xml:36:25-66
152
153                <category android:name="android.intent.category.DEFAULT" />
153-->[com.google.firebase:firebase-auth:22.3.0] AndroidManifest.xml:38:17-76
153-->[com.google.firebase:firebase-auth:22.3.0] AndroidManifest.xml:38:27-73
154                <category android:name="android.intent.category.BROWSABLE" />
154-->[com.google.firebase:firebase-auth:22.3.0] AndroidManifest.xml:39:17-78
154-->[com.google.firebase:firebase-auth:22.3.0] AndroidManifest.xml:39:27-75
155
156                <data
156-->[:file_picker] AndroidManifest.xml:17:13-44
157                    android:host="firebase.auth"
158                    android:path="/"
159                    android:scheme="genericidp" />
160            </intent-filter>
161        </activity>
162        <activity
162-->[com.google.firebase:firebase-auth:22.3.0] AndroidManifest.xml:47:9-64:20
163            android:name="com.google.firebase.auth.internal.RecaptchaActivity"
163-->[com.google.firebase:firebase-auth:22.3.0] AndroidManifest.xml:48:13-79
164            android:excludeFromRecents="true"
164-->[com.google.firebase:firebase-auth:22.3.0] AndroidManifest.xml:49:13-46
165            android:exported="true"
165-->[com.google.firebase:firebase-auth:22.3.0] AndroidManifest.xml:50:13-36
166            android:launchMode="singleTask"
166-->[com.google.firebase:firebase-auth:22.3.0] AndroidManifest.xml:51:13-44
167            android:theme="@android:style/Theme.Translucent.NoTitleBar" >
167-->[com.google.firebase:firebase-auth:22.3.0] AndroidManifest.xml:52:13-72
168            <intent-filter>
168-->[com.google.firebase:firebase-auth:22.3.0] AndroidManifest.xml:53:13-63:29
169                <action android:name="android.intent.action.VIEW" />
169-->[com.google.firebase:firebase-auth:22.3.0] AndroidManifest.xml:36:17-69
169-->[com.google.firebase:firebase-auth:22.3.0] AndroidManifest.xml:36:25-66
170
171                <category android:name="android.intent.category.DEFAULT" />
171-->[com.google.firebase:firebase-auth:22.3.0] AndroidManifest.xml:38:17-76
171-->[com.google.firebase:firebase-auth:22.3.0] AndroidManifest.xml:38:27-73
172                <category android:name="android.intent.category.BROWSABLE" />
172-->[com.google.firebase:firebase-auth:22.3.0] AndroidManifest.xml:39:17-78
172-->[com.google.firebase:firebase-auth:22.3.0] AndroidManifest.xml:39:27-75
173
174                <data
174-->[:file_picker] AndroidManifest.xml:17:13-44
175                    android:host="firebase.auth"
176                    android:path="/"
177                    android:scheme="recaptcha" />
178            </intent-filter>
179        </activity>
180
181        <provider
181-->[com.google.firebase:firebase-common:20.4.2] AndroidManifest.xml:23:9-28:39
182            android:name="com.google.firebase.provider.FirebaseInitProvider"
182-->[com.google.firebase:firebase-common:20.4.2] AndroidManifest.xml:24:13-77
183            android:authorities="com.example.biscuitt_ai.firebaseinitprovider"
183-->[com.google.firebase:firebase-common:20.4.2] AndroidManifest.xml:25:13-72
184            android:directBootAware="true"
184-->[com.google.firebase:firebase-common:20.4.2] AndroidManifest.xml:26:13-43
185            android:exported="false"
185-->[com.google.firebase:firebase-common:20.4.2] AndroidManifest.xml:27:13-37
186            android:initOrder="100" />
186-->[com.google.firebase:firebase-common:20.4.2] AndroidManifest.xml:28:13-36
187
188        <uses-library
188-->[androidx.window:window:1.0.0-beta04] AndroidManifest.xml:25:9-27:40
189            android:name="androidx.window.extensions"
189-->[androidx.window:window:1.0.0-beta04] AndroidManifest.xml:26:13-54
190            android:required="false" />
190-->[androidx.window:window:1.0.0-beta04] AndroidManifest.xml:27:13-37
191        <uses-library
191-->[androidx.window:window:1.0.0-beta04] AndroidManifest.xml:28:9-30:40
192            android:name="androidx.window.sidecar"
192-->[androidx.window:window:1.0.0-beta04] AndroidManifest.xml:29:13-51
193            android:required="false" /> <!-- Include the AdActivity and InAppPurchaseActivity configChanges and themes. -->
193-->[androidx.window:window:1.0.0-beta04] AndroidManifest.xml:30:13-37
194        <activity
194-->[com.google.android.gms:play-services-ads-lite:22.0.0] AndroidManifest.xml:53:9-58:43
195            android:name="com.google.android.gms.ads.AdActivity"
195-->[com.google.android.gms:play-services-ads-lite:22.0.0] AndroidManifest.xml:54:13-65
196            android:configChanges="keyboard|keyboardHidden|orientation|screenLayout|uiMode|screenSize|smallestScreenSize"
196-->[com.google.android.gms:play-services-ads-lite:22.0.0] AndroidManifest.xml:55:13-122
197            android:exported="false"
197-->[com.google.android.gms:play-services-ads-lite:22.0.0] AndroidManifest.xml:56:13-37
198            android:theme="@android:style/Theme.Translucent" />
198-->[com.google.android.gms:play-services-ads-lite:22.0.0] AndroidManifest.xml:57:13-61
199
200        <provider
200-->[com.google.android.gms:play-services-ads-lite:22.0.0] AndroidManifest.xml:60:9-65:43
201            android:name="com.google.android.gms.ads.MobileAdsInitProvider"
201-->[com.google.android.gms:play-services-ads-lite:22.0.0] AndroidManifest.xml:61:13-76
202            android:authorities="com.example.biscuitt_ai.mobileadsinitprovider"
202-->[com.google.android.gms:play-services-ads-lite:22.0.0] AndroidManifest.xml:62:13-73
203            android:exported="false"
203-->[com.google.android.gms:play-services-ads-lite:22.0.0] AndroidManifest.xml:63:13-37
204            android:initOrder="100" />
204-->[com.google.android.gms:play-services-ads-lite:22.0.0] AndroidManifest.xml:64:13-36
205
206        <service
206-->[com.google.android.gms:play-services-ads-lite:22.0.0] AndroidManifest.xml:67:9-71:43
207            android:name="com.google.android.gms.ads.AdService"
207-->[com.google.android.gms:play-services-ads-lite:22.0.0] AndroidManifest.xml:68:13-64
208            android:enabled="true"
208-->[com.google.android.gms:play-services-ads-lite:22.0.0] AndroidManifest.xml:69:13-35
209            android:exported="false" />
209-->[com.google.android.gms:play-services-ads-lite:22.0.0] AndroidManifest.xml:70:13-37
210
211        <activity
211-->[com.google.android.gms:play-services-ads-lite:22.0.0] AndroidManifest.xml:73:9-77:43
212            android:name="com.google.android.gms.ads.OutOfContextTestingActivity"
212-->[com.google.android.gms:play-services-ads-lite:22.0.0] AndroidManifest.xml:74:13-82
213            android:configChanges="keyboard|keyboardHidden|orientation|screenLayout|uiMode|screenSize|smallestScreenSize"
213-->[com.google.android.gms:play-services-ads-lite:22.0.0] AndroidManifest.xml:75:13-122
214            android:exported="false" />
214-->[com.google.android.gms:play-services-ads-lite:22.0.0] AndroidManifest.xml:76:13-37
215        <activity
215-->[com.google.android.gms:play-services-base:18.0.1] AndroidManifest.xml:20:9-22:45
216            android:name="com.google.android.gms.common.api.GoogleApiActivity"
216-->[com.google.android.gms:play-services-base:18.0.1] AndroidManifest.xml:20:19-85
217            android:exported="false"
217-->[com.google.android.gms:play-services-base:18.0.1] AndroidManifest.xml:22:19-43
218            android:theme="@android:style/Theme.Translucent.NoTitleBar" />
218-->[com.google.android.gms:play-services-base:18.0.1] AndroidManifest.xml:21:19-78
219
220        <meta-data
220-->[com.google.android.gms:play-services-basement:18.1.0] AndroidManifest.xml:21:9-23:69
221            android:name="com.google.android.gms.version"
221-->[com.google.android.gms:play-services-basement:18.1.0] AndroidManifest.xml:22:13-58
222            android:value="@integer/google_play_services_version" />
222-->[com.google.android.gms:play-services-basement:18.1.0] AndroidManifest.xml:23:13-66
223
224        <provider
224-->[androidx.work:work-runtime:2.7.0] AndroidManifest.xml:31:9-39:20
225            android:name="androidx.startup.InitializationProvider"
225-->[androidx.work:work-runtime:2.7.0] AndroidManifest.xml:32:13-67
226            android:authorities="com.example.biscuitt_ai.androidx-startup"
226-->[androidx.work:work-runtime:2.7.0] AndroidManifest.xml:33:13-68
227            android:exported="false" >
227-->[androidx.work:work-runtime:2.7.0] AndroidManifest.xml:34:13-37
228            <meta-data
228-->[androidx.work:work-runtime:2.7.0] AndroidManifest.xml:36:13-38:52
229                android:name="androidx.work.WorkManagerInitializer"
229-->[androidx.work:work-runtime:2.7.0] AndroidManifest.xml:37:17-68
230                android:value="androidx.startup" />
230-->[androidx.work:work-runtime:2.7.0] AndroidManifest.xml:38:17-49
231        </provider>
232
233        <service
233-->[androidx.work:work-runtime:2.7.0] AndroidManifest.xml:41:9-46:35
234            android:name="androidx.work.impl.background.systemalarm.SystemAlarmService"
234-->[androidx.work:work-runtime:2.7.0] AndroidManifest.xml:42:13-88
235            android:directBootAware="false"
235-->[androidx.work:work-runtime:2.7.0] AndroidManifest.xml:43:13-44
236            android:enabled="@bool/enable_system_alarm_service_default"
236-->[androidx.work:work-runtime:2.7.0] AndroidManifest.xml:44:13-72
237            android:exported="false" />
237-->[androidx.work:work-runtime:2.7.0] AndroidManifest.xml:45:13-37
238        <service
238-->[androidx.work:work-runtime:2.7.0] AndroidManifest.xml:47:9-53:35
239            android:name="androidx.work.impl.background.systemjob.SystemJobService"
239-->[androidx.work:work-runtime:2.7.0] AndroidManifest.xml:48:13-84
240            android:directBootAware="false"
240-->[androidx.work:work-runtime:2.7.0] AndroidManifest.xml:49:13-44
241            android:enabled="@bool/enable_system_job_service_default"
241-->[androidx.work:work-runtime:2.7.0] AndroidManifest.xml:50:13-70
242            android:exported="true"
242-->[androidx.work:work-runtime:2.7.0] AndroidManifest.xml:51:13-36
243            android:permission="android.permission.BIND_JOB_SERVICE" />
243-->[androidx.work:work-runtime:2.7.0] AndroidManifest.xml:52:13-69
244        <service
244-->[androidx.work:work-runtime:2.7.0] AndroidManifest.xml:54:9-59:35
245            android:name="androidx.work.impl.foreground.SystemForegroundService"
245-->[androidx.work:work-runtime:2.7.0] AndroidManifest.xml:55:13-81
246            android:directBootAware="false"
246-->[androidx.work:work-runtime:2.7.0] AndroidManifest.xml:56:13-44
247            android:enabled="@bool/enable_system_foreground_service_default"
247-->[androidx.work:work-runtime:2.7.0] AndroidManifest.xml:57:13-77
248            android:exported="false" />
248-->[androidx.work:work-runtime:2.7.0] AndroidManifest.xml:58:13-37
249
250        <receiver
250-->[androidx.work:work-runtime:2.7.0] AndroidManifest.xml:61:9-66:35
251            android:name="androidx.work.impl.utils.ForceStopRunnable$BroadcastReceiver"
251-->[androidx.work:work-runtime:2.7.0] AndroidManifest.xml:62:13-88
252            android:directBootAware="false"
252-->[androidx.work:work-runtime:2.7.0] AndroidManifest.xml:63:13-44
253            android:enabled="true"
253-->[androidx.work:work-runtime:2.7.0] AndroidManifest.xml:64:13-35
254            android:exported="false" />
254-->[androidx.work:work-runtime:2.7.0] AndroidManifest.xml:65:13-37
255        <receiver
255-->[androidx.work:work-runtime:2.7.0] AndroidManifest.xml:67:9-77:20
256            android:name="androidx.work.impl.background.systemalarm.ConstraintProxy$BatteryChargingProxy"
256-->[androidx.work:work-runtime:2.7.0] AndroidManifest.xml:68:13-106
257            android:directBootAware="false"
257-->[androidx.work:work-runtime:2.7.0] AndroidManifest.xml:69:13-44
258            android:enabled="false"
258-->[androidx.work:work-runtime:2.7.0] AndroidManifest.xml:70:13-36
259            android:exported="false" >
259-->[androidx.work:work-runtime:2.7.0] AndroidManifest.xml:71:13-37
260            <intent-filter>
260-->[androidx.work:work-runtime:2.7.0] AndroidManifest.xml:73:13-76:29
261                <action android:name="android.intent.action.ACTION_POWER_CONNECTED" />
261-->[androidx.work:work-runtime:2.7.0] AndroidManifest.xml:74:17-87
261-->[androidx.work:work-runtime:2.7.0] AndroidManifest.xml:74:25-84
262                <action android:name="android.intent.action.ACTION_POWER_DISCONNECTED" />
262-->[androidx.work:work-runtime:2.7.0] AndroidManifest.xml:75:17-90
262-->[androidx.work:work-runtime:2.7.0] AndroidManifest.xml:75:25-87
263            </intent-filter>
264        </receiver>
265        <receiver
265-->[androidx.work:work-runtime:2.7.0] AndroidManifest.xml:78:9-88:20
266            android:name="androidx.work.impl.background.systemalarm.ConstraintProxy$BatteryNotLowProxy"
266-->[androidx.work:work-runtime:2.7.0] AndroidManifest.xml:79:13-104
267            android:directBootAware="false"
267-->[androidx.work:work-runtime:2.7.0] AndroidManifest.xml:80:13-44
268            android:enabled="false"
268-->[androidx.work:work-runtime:2.7.0] AndroidManifest.xml:81:13-36
269            android:exported="false" >
269-->[androidx.work:work-runtime:2.7.0] AndroidManifest.xml:82:13-37
270            <intent-filter>
270-->[androidx.work:work-runtime:2.7.0] AndroidManifest.xml:84:13-87:29
271                <action android:name="android.intent.action.BATTERY_OKAY" />
271-->[androidx.work:work-runtime:2.7.0] AndroidManifest.xml:85:17-77
271-->[androidx.work:work-runtime:2.7.0] AndroidManifest.xml:85:25-74
272                <action android:name="android.intent.action.BATTERY_LOW" />
272-->[androidx.work:work-runtime:2.7.0] AndroidManifest.xml:86:17-76
272-->[androidx.work:work-runtime:2.7.0] AndroidManifest.xml:86:25-73
273            </intent-filter>
274        </receiver>
275        <receiver
275-->[androidx.work:work-runtime:2.7.0] AndroidManifest.xml:89:9-99:20
276            android:name="androidx.work.impl.background.systemalarm.ConstraintProxy$StorageNotLowProxy"
276-->[androidx.work:work-runtime:2.7.0] AndroidManifest.xml:90:13-104
277            android:directBootAware="false"
277-->[androidx.work:work-runtime:2.7.0] AndroidManifest.xml:91:13-44
278            android:enabled="false"
278-->[androidx.work:work-runtime:2.7.0] AndroidManifest.xml:92:13-36
279            android:exported="false" >
279-->[androidx.work:work-runtime:2.7.0] AndroidManifest.xml:93:13-37
280            <intent-filter>
280-->[androidx.work:work-runtime:2.7.0] AndroidManifest.xml:95:13-98:29
281                <action android:name="android.intent.action.DEVICE_STORAGE_LOW" />
281-->[androidx.work:work-runtime:2.7.0] AndroidManifest.xml:96:17-83
281-->[androidx.work:work-runtime:2.7.0] AndroidManifest.xml:96:25-80
282                <action android:name="android.intent.action.DEVICE_STORAGE_OK" />
282-->[androidx.work:work-runtime:2.7.0] AndroidManifest.xml:97:17-82
282-->[androidx.work:work-runtime:2.7.0] AndroidManifest.xml:97:25-79
283            </intent-filter>
284        </receiver>
285        <receiver
285-->[androidx.work:work-runtime:2.7.0] AndroidManifest.xml:100:9-109:20
286            android:name="androidx.work.impl.background.systemalarm.ConstraintProxy$NetworkStateProxy"
286-->[androidx.work:work-runtime:2.7.0] AndroidManifest.xml:101:13-103
287            android:directBootAware="false"